# JRE version: OpenJDK Runtime Environment Temurin-11.0.12+7 (11.0.12+7) (build 11.0.12+7)
# Java VM: OpenJDK 64-Bit Server VM Temurin-11.0.12+7 (11.0.12+7, mixed mode, tiered, compressed oops, parallel gc, windows-amd64)
Heap:
 PSYoungGen      total 23552K, used 0K [0x00000000eab00000, 0x00000000ec980000, 0x0000000100000000)
  eden space 22528K, 0% used [0x00000000eab00000,0x00000000eab00000,0x00000000ec100000)
  from space 1024K, 0% used [0x00000000ec380000,0x00000000ec380000,0x00000000ec480000)
  to   space 2560K, 0% used [0x00000000ec700000,0x00000000ec700000,0x00000000ec980000)
 ParOldGen       total 68608K, used 24444K [0x00000000c0000000, 0x00000000c4300000, 0x00000000eab00000)
  object space 68608K, 35% used [0x00000000c0000000,0x00000000c17df080,0x00000000c4300000)
 Metaspace       used 33515K, capacity 35366K, committed 35672K, reserved 1081344K
  class space    used 3203K, capacity 3859K, committed 3928K, reserved 1048576K
GC Heap History (20 events):
Event: 10.653 GC heap before
{Heap before GC invocations=4 (full 1):
 PSYoungGen      total 29696K, used 25600K [0x00000000eab00000, 0x00000000ecc00000, 0x0000000100000000)
  eden space 25600K, 100% used [0x00000000eab00000,0x00000000ec400000,0x00000000ec400000)
  from space 4096K, 0% used [0x00000000ec800000,0x00000000ec800000,0x00000000ecc00000)
  to   space 4096K, 0% used [0x00000000ec400000,0x00000000ec400000,0x00000000ec800000)
 ParOldGen       total 68608K, used 6266K [0x00000000c0000000, 0x00000000c4300000, 0x00000000eab00000)
  object space 68608K, 9% used [0x00000000c0000000,0x00000000c061e818,0x00000000c4300000)
 Metaspace       used 27240K, capacity 28899K, committed 29184K, reserved 1075200K
  class space    used 2634K, capacity 3218K, committed 3328K, reserved 1048576K
}
Event: 10.654 GC heap after
{Heap after GC invocations=4 (full 1):
 PSYoungGen      total 29696K, used 2332K [0x00000000eab00000, 0x00000000ecc00000, 0x0000000100000000)
  eden space 25600K, 0% used [0x00000000eab00000,0x00000000eab00000,0x00000000ec400000)
  from space 4096K, 56% used [0x00000000ec400000,0x00000000ec647250,0x00000000ec800000)
  to   space 4096K, 0% used [0x00000000ec800000,0x00000000ec800000,0x00000000ecc00000)
 ParOldGen       total 68608K, used 6282K [0x00000000c0000000, 0x00000000c4300000, 0x00000000eab00000)
  object space 68608K, 9% used [0x00000000c0000000,0x00000000c0622830,0x00000000c4300000)
 Metaspace       used 27240K, capacity 28899K, committed 29184K, reserved 1075200K
  class space    used 2634K, capacity 3218K, committed 3328K, reserved 1048576K
}
Event: 12.981 GC heap before
{Heap before GC invocations=5 (full 1):
 PSYoungGen      total 29696K, used 27932K [0x00000000eab00000, 0x00000000ecc00000, 0x0000000100000000)
  eden space 25600K, 100% used [0x00000000eab00000,0x00000000ec400000,0x00000000ec400000)
  from space 4096K, 56% used [0x00000000ec400000,0x00000000ec647250,0x00000000ec800000)
  to   space 4096K, 0% used [0x00000000ec800000,0x00000000ec800000,0x00000000ecc00000)
 ParOldGen       total 68608K, used 6282K [0x00000000c0000000, 0x00000000c4300000, 0x00000000eab00000)
  object space 68608K, 9% used [0x00000000c0000000,0x00000000c0622830,0x00000000c4300000)
 Metaspace       used 30834K, capacity 32587K, committed 32896K, reserved 1079296K
  class space    used 2993K, capacity 3615K, committed 3712K, reserved 1048576K
}
Event: 12.985 GC heap after
{Heap after GC invocations=5 (full 1):
 PSYoungGen      total 29696K, used 4084K [0x00000000eab00000, 0x00000000ecc00000, 0x0000000100000000)
  eden space 25600K, 0% used [0x00000000eab00000,0x00000000eab00000,0x00000000ec400000)
  from space 4096K, 99% used [0x00000000ec800000,0x00000000ecbfd2c8,0x00000000ecc00000)
  to   space 4096K, 0% used [0x00000000ec400000,0x00000000ec400000,0x00000000ec800000)
 ParOldGen       total 68608K, used 6874K [0x00000000c0000000, 0x00000000c4300000, 0x00000000eab00000)
  object space 68608K, 10% used [0x00000000c0000000,0x00000000c06b6830,0x00000000c4300000)
 Metaspace       used 30834K, capacity 32587K, committed 32896K, reserved 1079296K
  class space    used 2993K, capacity 3615K, committed 3712K, reserved 1048576K
}
Event: 13.059 GC heap before
{Heap before GC invocations=6 (full 1):
 PSYoungGen      total 29696K, used 29684K [0x00000000eab00000, 0x00000000ecc00000, 0x0000000100000000)
  eden space 25600K, 100% used [0x00000000eab00000,0x00000000ec400000,0x00000000ec400000)
  from space 4096K, 99% used [0x00000000ec800000,0x00000000ecbfd2c8,0x00000000ecc00000)
  to   space 4096K, 0% used [0x00000000ec400000,0x00000000ec400000,0x00000000ec800000)
 ParOldGen       total 68608K, used 6874K [0x00000000c0000000, 0x00000000c4300000, 0x00000000eab00000)
  object space 68608K, 10% used [0x00000000c0000000,0x00000000c06b6830,0x00000000c4300000)
 Metaspace       used 30912K, capacity 32652K, committed 32896K, reserved 1079296K
  class space    used 2998K, capacity 3615K, committed 3712K, reserved 1048576K
}
Event: 13.064 GC heap after
{Heap after GC invocations=6 (full 1):
 PSYoungGen      total 29184K, used 4089K [0x00000000eab00000, 0x00000000ed180000, 0x0000000100000000)
  eden space 25088K, 0% used [0x00000000eab00000,0x00000000eab00000,0x00000000ec380000)
  from space 4096K, 99% used [0x00000000ec400000,0x00000000ec7fe5f8,0x00000000ec800000)
  to   space 7168K, 0% used [0x00000000eca80000,0x00000000eca80000,0x00000000ed180000)
 ParOldGen       total 68608K, used 9162K [0x00000000c0000000, 0x00000000c4300000, 0x00000000eab00000)
  object space 68608K, 13% used [0x00000000c0000000,0x00000000c08f28c0,0x00000000c4300000)
 Metaspace       used 30912K, capacity 32652K, committed 32896K, reserved 1079296K
  class space    used 2998K, capacity 3615K, committed 3712K, reserved 1048576K
}
Event: 13.154 GC heap before
{Heap before GC invocations=7 (full 1):
 PSYoungGen      total 29184K, used 29177K [0x00000000eab00000, 0x00000000ed180000, 0x0000000100000000)
  eden space 25088K, 100% used [0x00000000eab00000,0x00000000ec380000,0x00000000ec380000)
  from space 4096K, 99% used [0x00000000ec400000,0x00000000ec7fe5f8,0x00000000ec800000)
  to   space 7168K, 0% used [0x00000000eca80000,0x00000000eca80000,0x00000000ed180000)
 ParOldGen       total 68608K, used 9162K [0x00000000c0000000, 0x00000000c4300000, 0x00000000eab00000)
  object space 68608K, 13% used [0x00000000c0000000,0x00000000c08f28c0,0x00000000c4300000)
 Metaspace       used 31015K, capacity 32780K, committed 32896K, reserved 1079296K
  class space    used 3002K, capacity 3615K, committed 3712K, reserved 1048576K
}
Event: 13.159 GC heap after
{Heap after GC invocations=7 (full 1):
 PSYoungGen      total 31232K, used 6525K [0x00000000eab00000, 0x00000000ed100000, 0x0000000100000000)
  eden space 24576K, 0% used [0x00000000eab00000,0x00000000eab00000,0x00000000ec300000)
  from space 6656K, 98% used [0x00000000eca80000,0x00000000ed0df478,0x00000000ed100000)
  to   space 6656K, 0% used [0x00000000ec400000,0x00000000ec400000,0x00000000eca80000)
 ParOldGen       total 68608K, used 9162K [0x00000000c0000000, 0x00000000c4300000, 0x00000000eab00000)
  object space 68608K, 13% used [0x00000000c0000000,0x00000000c08f28c0,0x00000000c4300000)
 Metaspace       used 31015K, capacity 32780K, committed 32896K, reserved 1079296K
  class space    used 3002K, capacity 3615K, committed 3712K, reserved 1048576K
}
Event: 13.359 GC heap before
{Heap before GC invocations=8 (full 1):
 PSYoungGen      total 31232K, used 31101K [0x00000000eab00000, 0x00000000ed100000, 0x0000000100000000)
  eden space 24576K, 100% used [0x00000000eab00000,0x00000000ec300000,0x00000000ec300000)
  from space 6656K, 98% used [0x00000000eca80000,0x00000000ed0df478,0x00000000ed100000)
  to   space 6656K, 0% used [0x00000000ec400000,0x00000000ec400000,0x00000000eca80000)
 ParOldGen       total 68608K, used 9162K [0x00000000c0000000, 0x00000000c4300000, 0x00000000eab00000)
  object space 68608K, 13% used [0x00000000c0000000,0x00000000c08f28c0,0x00000000c4300000)
 Metaspace       used 31171K, capacity 33011K, committed 33152K, reserved 1079296K
  class space    used 3019K, capacity 3649K, committed 3712K, reserved 1048576K
}
Event: 13.365 GC heap after
{Heap after GC invocations=8 (full 1):
 PSYoungGen      total 30720K, used 6654K [0x00000000eab00000, 0x00000000ed680000, 0x0000000100000000)
  eden space 24064K, 0% used [0x00000000eab00000,0x00000000eab00000,0x00000000ec280000)
  from space 6656K, 99% used [0x00000000ec400000,0x00000000eca7fbc8,0x00000000eca80000)
  to   space 10240K, 0% used [0x00000000ecc80000,0x00000000ecc80000,0x00000000ed680000)
 ParOldGen       total 68608K, used 11838K [0x00000000c0000000, 0x00000000c4300000, 0x00000000eab00000)
  object space 68608K, 17% used [0x00000000c0000000,0x00000000c0b8fb08,0x00000000c4300000)
 Metaspace       used 31171K, capacity 33011K, committed 33152K, reserved 1079296K
  class space    used 3019K, capacity 3649K, committed 3712K, reserved 1048576K
}
Event: 13.407 GC heap before
{Heap before GC invocations=9 (full 1):
 PSYoungGen      total 30720K, used 30718K [0x00000000eab00000, 0x00000000ed680000, 0x0000000100000000)
  eden space 24064K, 100% used [0x00000000eab00000,0x00000000ec280000,0x00000000ec280000)
  from space 6656K, 99% used [0x00000000ec400000,0x00000000eca7fbc8,0x00000000eca80000)
  to   space 10240K, 0% used [0x00000000ecc80000,0x00000000ecc80000,0x00000000ed680000)
 ParOldGen       total 68608K, used 11838K [0x00000000c0000000, 0x00000000c4300000, 0x00000000eab00000)
  object space 68608K, 17% used [0x00000000c0000000,0x00000000c0b8fb08,0x00000000c4300000)
 Metaspace       used 31197K, capacity 33075K, committed 33152K, reserved 1079296K
  class space    used 3022K, capacity 3649K, committed 3712K, reserved 1048576K
}
Event: 13.413 GC heap after
{Heap after GC invocations=9 (full 1):
 PSYoungGen      total 31232K, used 7666K [0x00000000eab00000, 0x00000000ed400000, 0x0000000100000000)
  eden space 23552K, 0% used [0x00000000eab00000,0x00000000eab00000,0x00000000ec200000)
  from space 7680K, 99% used [0x00000000ecc80000,0x00000000ed3fcb28,0x00000000ed400000)
  to   space 8704K, 0% used [0x00000000ec300000,0x00000000ec300000,0x00000000ecb80000)
 ParOldGen       total 68608K, used 13571K [0x00000000c0000000, 0x00000000c4300000, 0x00000000eab00000)
  object space 68608K, 19% used [0x00000000c0000000,0x00000000c0d40d80,0x00000000c4300000)
 Metaspace       used 31197K, capacity 33075K, committed 33152K, reserved 1079296K
  class space    used 3022K, capacity 3649K, committed 3712K, reserved 1048576K
}
Event: 13.482 GC heap before
{Heap before GC invocations=10 (full 1):
 PSYoungGen      total 31232K, used 31218K [0x00000000eab00000, 0x00000000ed400000, 0x0000000100000000)
  eden space 23552K, 100% used [0x00000000eab00000,0x00000000ec200000,0x00000000ec200000)
  from space 7680K, 99% used [0x00000000ecc80000,0x00000000ed3fcb28,0x00000000ed400000)
  to   space 8704K, 0% used [0x00000000ec300000,0x00000000ec300000,0x00000000ecb80000)
 ParOldGen       total 68608K, used 13571K [0x00000000c0000000, 0x00000000c4300000, 0x00000000eab00000)
  object space 68608K, 19% used [0x00000000c0000000,0x00000000c0d40d80,0x00000000c4300000)
 Metaspace       used 31311K, capacity 33203K, committed 33408K, reserved 1079296K
  class space    used 3033K, capacity 3649K, committed 3712K, reserved 1048576K
}
Event: 13.488 GC heap after
{Heap after GC invocations=10 (full 1):
 PSYoungGen      total 29184K, used 6016K [0x00000000eab00000, 0x00000000ecf80000, 0x0000000100000000)
  eden space 23040K, 0% used [0x00000000eab00000,0x00000000eab00000,0x00000000ec180000)
  from space 6144K, 97% used [0x00000000ec300000,0x00000000ec8e0010,0x00000000ec900000)
  to   space 6656K, 0% used [0x00000000ec900000,0x00000000ec900000,0x00000000ecf80000)
 ParOldGen       total 68608K, used 16778K [0x00000000c0000000, 0x00000000c4300000, 0x00000000eab00000)
  object space 68608K, 24% used [0x00000000c0000000,0x00000000c10628e0,0x00000000c4300000)
 Metaspace       used 31311K, capacity 33203K, committed 33408K, reserved 1079296K
  class space    used 3033K, capacity 3649K, committed 3712K, reserved 1048576K
}
Event: 13.840 GC heap before
{Heap before GC invocations=11 (full 1):
 PSYoungGen      total 29184K, used 29056K [0x00000000eab00000, 0x00000000ecf80000, 0x0000000100000000)
  eden space 23040K, 100% used [0x00000000eab00000,0x00000000ec180000,0x00000000ec180000)
  from space 6144K, 97% used [0x00000000ec300000,0x00000000ec8e0010,0x00000000ec900000)
  to   space 6656K, 0% used [0x00000000ec900000,0x00000000ec900000,0x00000000ecf80000)
 ParOldGen       total 68608K, used 16778K [0x00000000c0000000, 0x00000000c4300000, 0x00000000eab00000)
  object space 68608K, 24% used [0x00000000c0000000,0x00000000c10628e0,0x00000000c4300000)
 Metaspace       used 32035K, capacity 33830K, committed 34048K, reserved 1079296K
  class space    used 3092K, capacity 3731K, committed 3840K, reserved 1048576K
}
Event: 13.846 GC heap after
{Heap after GC invocations=11 (full 1):
 PSYoungGen      total 27136K, used 4368K [0x00000000eab00000, 0x00000000ecd80000, 0x0000000100000000)
  eden space 22528K, 0% used [0x00000000eab00000,0x00000000eab00000,0x00000000ec100000)
  from space 4608K, 94% used [0x00000000ec900000,0x00000000ecd44010,0x00000000ecd80000)
  to   space 5120K, 0% used [0x00000000ec380000,0x00000000ec380000,0x00000000ec880000)
 ParOldGen       total 68608K, used 20890K [0x00000000c0000000, 0x00000000c4300000, 0x00000000eab00000)
  object space 68608K, 30% used [0x00000000c0000000,0x00000000c1466820,0x00000000c4300000)
 Metaspace       used 32035K, capacity 33830K, committed 34048K, reserved 1079296K
  class space    used 3092K, capacity 3731K, committed 3840K, reserved 1048576K
}
Event: 14.252 GC heap before
{Heap before GC invocations=12 (full 1):
 PSYoungGen      total 27136K, used 8274K [0x00000000eab00000, 0x00000000ecd80000, 0x0000000100000000)
  eden space 22528K, 17% used [0x00000000eab00000,0x00000000eaed0ac0,0x00000000ec100000)
  from space 4608K, 94% used [0x00000000ec900000,0x00000000ecd44010,0x00000000ecd80000)
  to   space 5120K, 0% used [0x00000000ec380000,0x00000000ec380000,0x00000000ec880000)
 ParOldGen       total 68608K, used 20890K [0x00000000c0000000, 0x00000000c4300000, 0x00000000eab00000)
  object space 68608K, 30% used [0x00000000c0000000,0x00000000c1466820,0x00000000c4300000)
 Metaspace       used 33499K, capacity 35302K, committed 35416K, reserved 1081344K
  class space    used 3203K, capacity 3859K, committed 3928K, reserved 1048576K
}
Event: 14.256 GC heap after
{Heap after GC invocations=12 (full 1):
 PSYoungGen      total 23552K, used 630K [0x00000000eab00000, 0x00000000ec980000, 0x0000000100000000)
  eden space 22528K, 0% used [0x00000000eab00000,0x00000000eab00000,0x00000000ec100000)
  from space 1024K, 61% used [0x00000000ec380000,0x00000000ec41dba0,0x00000000ec480000)
  to   space 2560K, 0% used [0x00000000ec700000,0x00000000ec700000,0x00000000ec980000)
 ParOldGen       total 68608K, used 25172K [0x00000000c0000000, 0x00000000c4300000, 0x00000000eab00000)
  object space 68608K, 36% used [0x00000000c0000000,0x00000000c1895318,0x00000000c4300000)
 Metaspace       used 33499K, capacity 35302K, committed 35416K, reserved 1081344K
  class space    used 3203K, capacity 3859K, committed 3928K, reserved 1048576K
}
Event: 14.256 GC heap before
{Heap before GC invocations=13 (full 2):
 PSYoungGen      total 23552K, used 630K [0x00000000eab00000, 0x00000000ec980000, 0x0000000100000000)
  eden space 22528K, 0% used [0x00000000eab00000,0x00000000eab00000,0x00000000ec100000)
  from space 1024K, 61% used [0x00000000ec380000,0x00000000ec41dba0,0x00000000ec480000)
  to   space 2560K, 0% used [0x00000000ec700000,0x00000000ec700000,0x00000000ec980000)
 ParOldGen       total 68608K, used 25172K [0x00000000c0000000, 0x00000000c4300000, 0x00000000eab00000)
  object space 68608K, 36% used [0x00000000c0000000,0x00000000c1895318,0x00000000c4300000)
 Metaspace       used 33499K, capacity 35302K, committed 35416K, reserved 1081344K
  class space    used 3203K, capacity 3859K, committed 3928K, reserved 1048576K
}
Event: 14.356 GC heap after
{Heap after GC invocations=13 (full 2):
 PSYoungGen      total 23552K, used 0K [0x00000000eab00000, 0x00000000ec980000, 0x0000000100000000)
  eden space 22528K, 0% used [0x00000000eab00000,0x00000000eab00000,0x00000000ec100000)
  from space 1024K, 0% used [0x00000000ec380000,0x00000000ec380000,0x00000000ec480000)
  to   space 2560K, 0% used [0x00000000ec700000,0x00000000ec700000,0x00000000ec980000)
 ParOldGen       total 68608K, used 24444K [0x00000000c0000000, 0x00000000c4300000, 0x00000000eab00000)
  object space 68608K, 35% used [0x00000000c0000000,0x00000000c17df080,0x00000000c4300000)
 Metaspace       used 33499K, capacity 35302K, committed 35416K, reserved 1081344K
  class space    used 3203K, capacity 3859K, committed 3928K, reserved 1048576K
}

